[debug] > Exec(early(addDefaultCommands), None, None)
[debug] > Exec(addDefaultCommands, None, None)
[debug] > Exec(early(initialize), None, None)
[debug] > Exec(initialize, None, None)
[debug] > Exec(early(addPluginSbtFile="""C:\Users\User\AppData\Local\Temp\idea1.sbt"""), None, None)
[debug] > Exec(addPluginSbtFile="""C:\Users\User\AppData\Local\Temp\idea1.sbt""", None, None)
[debug] > Exec(boot, None, None)
[debug] > Exec(writeSbtVersion, None, None)
[debug] > Exec(reload, None, None)
[debug] > Exec(sbtStashOnFailure, None, None)
[debug] > Exec(onFailure loadFailed, None, None)
[debug] > Exec(loadp, None, None)
[info] welcome to sbt 1.10.1 (Oracle Corporation Java 1.8.0_401)
[debug] Load.defaultLoad until apply took 74.0687ms
[debug]           Load.loadUnit: plugins took 77.1798ms
[debug]           Load.loadUnit: defsScala took 0.3539ms
[debug] [Loading] Scanning directory C:\Users\User\IdeaProjects\LibrarySystemManagement\project
[debug]             Load.loadUnit: mkEval took 7.6763ms
[debug] [Loading] Found non-root projects 
[debug] [Loading] Done in C:\Users\User\IdeaProjects\LibrarySystemManagement\project, returning: ()
[debug] deducing auto plugins based on known facts Set(Atom(sbt.plugins.CorePlugin)) and clauses Clauses(Clause(Atom(sbt.plugins.JvmPlugin),Set(Atom(sbt.plugins.IvyPlugin)))
[debug] Clause(Atom(sbt.ScriptedPlugin),Set(Atom(sbt.plugins.JvmPlugin)))
[debug] Clause(Atom(sbt.plugins.SbtPlugin),Set(Atom(sbt.ScriptedPlugin)))
[debug] Clause(Atom(sbt.plugins.SemanticdbPlugin),Set(Atom(sbt.plugins.JvmPlugin)))
[debug] Clause(Atom(sbt.plugins.JUnitXmlReportPlugin),Set(Atom(sbt.plugins.JvmPlugin)))
[debug] Clause(Atom(sbt.plugins.MiniDependencyTreePlugin),Set(Atom(sbt.plugins.JvmPlugin)))
[debug] Clause(Atom(sbt.plugins.CorePlugin),Set(Atom(sbt.plugins.IvyPlugin)))
[debug] Clause(Atom(sbt.plugins.IvyPlugin),Set(Atom(sbt.plugins.JvmPlugin)))
[debug] Clause(Atom(sbt.plugins.JvmPlugin),Set(Atom(sbt.plugins.SemanticdbPlugin)))
[debug] Clause(Atom(sbt.plugins.JvmPlugin),Set(Atom(sbt.plugins.JUnitXmlReportPlugin)))
[debug] Clause(Atom(sbt.plugins.CorePlugin),Set(Atom(sbt.plugins.Giter8TemplatePlugin)))
[debug] Clause(Atom(sbt.plugins.JvmPlugin),Set(Atom(sbt.plugins.MiniDependencyTreePlugin))))
[debug]   :: deduced result: Matched(sbt.plugins.CorePlugin,sbt.plugins.Giter8TemplatePlugin,sbt.plugins.IvyPlugin,sbt.plugins.JvmPlugin,sbt.plugins.MiniDependencyTreePlugin,sbt.plugins.JUnitXmlReportPlugin,sbt.plugins.SemanticdbPlugin)
[debug] Plugins.deducer#function took 10.698 ms
[info] loading settings for project librarysystemmanagement-build from idea1.sbt ...
[debug]               Load.resolveProject(librarysystemmanagement-build) took 33.6848ms
[debug]             Load.loadTransitive: finalizeProject(Project(id librarysystemmanagement-build, base: C:\Users\User\IdeaProjects\LibrarySystemManagement\project, plugins: List(<none>))) took 50.5159ms
[debug] [Loading] Done in C:\Users\User\IdeaProjects\LibrarySystemManagement\project, returning: (librarysystemmanagement-build)
[debug]           Load.loadUnit: loadedProjectsRaw took 1924.2576ms
[debug]           Load.loadUnit: cleanEvalClasses took 4.6793ms
[debug]         Load.loadUnit(file:/C:/Users/User/IdeaProjects/LibrarySystemManagement/project/, ...) took 2010.8412ms
[debug]       Load.apply: load took 2101.936ms
[debug]       Load.apply: resolveProjects took 4.8329ms
[debug]       Load.apply: finalTransforms took 59.0924ms
[debug]       Load.apply: config.delegates took 5.2781ms
[debug]       Load.apply: Def.make(settings)... took 257.5359ms
[debug]       Load.apply: structureIndex took 80.7486ms
[debug]       Load.apply: mkStreams took 1.164ms
[info] loading project definition from C:\Users\User\IdeaProjects\LibrarySystemManagement\project
[debug] Running task... Cancel: Signal, check cycles: false, forcegc: true
[debug]     Load.loadUnit: plugins took 3866.4814ms
[debug]     Load.loadUnit: defsScala took 0.0024ms
[debug] [Loading] Scanning directory C:\Users\User\IdeaProjects\LibrarySystemManagement
[debug]       Load.loadUnit: mkEval took 0.4492ms
[debug] [Loading] Found root project root w/ remaining 
[debug] deducing auto plugins based on known facts Set(Atom(sbt.plugins.CorePlugin)) and clauses Clauses(Clause(Atom(sbt.plugins.JvmPlugin),Set(Atom(sbt.plugins.IvyPlugin)))
[debug] Clause(Atom(sbt.ScriptedPlugin),Set(Atom(sbt.plugins.JvmPlugin)))
[debug] Clause(Atom(sbt.plugins.SbtPlugin),Set(Atom(sbt.ScriptedPlugin)))
[debug] Clause(Atom(sbt.plugins.SemanticdbPlugin),Set(Atom(sbt.plugins.JvmPlugin)))
[debug] Clause(Atom(sbt.plugins.JUnitXmlReportPlugin),Set(Atom(sbt.plugins.JvmPlugin)))
[debug] Clause(Atom(sbt.plugins.MiniDependencyTreePlugin),Set(Atom(sbt.plugins.JvmPlugin)))
[debug] Clause(Atom(org.jetbrains.sbt.StructurePlugin),Set(Atom(sbt.plugins.JvmPlugin)))
[debug] Clause(Atom(org.jetbrains.sbt.IdeaShellPlugin),Set(Atom(sbt.plugins.JvmPlugin)))
[debug] Clause(Atom(org.jetbrains.sbt.indices.SbtIntellijIndicesPlugin),Set(Atom(sbt.plugins.JvmPlugin)))
[debug] Clause(Atom(sbt.plugins.CorePlugin),Set(Atom(sbt.plugins.IvyPlugin)))
[debug] Clause(Atom(sbt.plugins.IvyPlugin),Set(Atom(sbt.plugins.JvmPlugin)))
[debug] Clause(Atom(sbt.plugins.JvmPlugin),Set(Atom(sbt.plugins.SemanticdbPlugin)))
[debug] Clause(Atom(sbt.plugins.JvmPlugin),Set(Atom(sbt.plugins.JUnitXmlReportPlugin)))
[debug] Clause(Atom(sbt.plugins.CorePlugin),Set(Atom(sbt.plugins.Giter8TemplatePlugin)))
[debug] Clause(Atom(sbt.plugins.JvmPlugin),Set(Atom(sbt.plugins.MiniDependencyTreePlugin)))
[debug] Clause(Atom(sbt.plugins.JvmPlugin),Set(Atom(org.jetbrains.sbt.StructurePlugin)))
[debug] Clause(Atom(sbt.plugins.JvmPlugin),Set(Atom(org.jetbrains.sbt.IdeaShellPlugin)))
[debug] Clause(And(Set(Atom(sbt.plugins.CorePlugin), Atom(sbt.plugins.JvmPlugin))),Set(Atom(org.jetbrains.sbt.indices.SbtIntellijIndicesPlugin))))
[debug]   :: deduced result: Matched(sbt.plugins.CorePlugin,sbt.plugins.Giter8TemplatePlugin,sbt.plugins.IvyPlugin,sbt.plugins.JvmPlugin,sbt.plugins.SemanticdbPlugin,org.jetbrains.sbt.indices.SbtIntellijIndicesPlugin,sbt.plugins.JUnitXmlReportPlugin,org.jetbrains.sbt.IdeaShellPlugin,org.jetbrains.sbt.StructurePlugin,sbt.plugins.MiniDependencyTreePlugin)
[debug] Plugins.deducer#function took 2.1112 ms
[info] loading settings for project root from build.sbt ...
[debug]         Load.resolveProject(root) took 22.1238ms
[debug]       Load.loadTransitive: finalizeProject(Project(id root, base: C:\Users\User\IdeaProjects\LibrarySystemManagement, plugins: List(<none>))) took 25.4271ms
[debug] [Loading] Done in C:\Users\User\IdeaProjects\LibrarySystemManagement, returning: (root)
[debug]     Load.loadUnit: loadedProjectsRaw took 913.9443ms
[debug]     Load.loadUnit: cleanEvalClasses took 5.9371ms
[debug]   Load.loadUnit(file:/C:/Users/User/IdeaProjects/LibrarySystemManagement/, ...) took 4787.2709ms
[debug] Load.apply: load took 4801.6112ms
[debug] Load.apply: resolveProjects took 0.1112ms
[debug] Load.apply: finalTransforms took 24.6254ms
[debug] Load.apply: config.delegates took 0.264ms
[debug] Load.apply: Def.make(settings)... took 53.8231ms
[debug] Load.apply: structureIndex took 18.6745ms
[debug] Load.apply: mkStreams took 0.0022ms
[info] set current project to LibrarySystemManagement (in build file:/C:/Users/User/IdeaProjects/LibrarySystemManagement/)
[debug] > Exec(sbtPopOnFailure, None, None)
[debug] > Exec(resumeFromFailure, None, None)
[debug] > Exec(notifyUsersAboutShell, None, None)
[debug] > Exec(iflast shell, None, None)
[debug] > Exec(; set ideaPort in Global := 54497 ; idea-shell, None, None)
[debug] > Exec(set ideaPort in Global := 54497, None, None)
[info] Defining Global / ideaPort
[info] The new value will be used by Compile / compile, Test / compile
[debug] Defining 
[debug] 	Global / ideaPort
[debug] 
[debug] The new value will be used by 
[debug] 	Compile / compile
[debug] 	Test / compile
[info] Reapplying settings...
[info] set current project to LibrarySystemManagement (in build file:/C:/Users/User/IdeaProjects/LibrarySystemManagement/)
[debug] > Exec(idea-shell, None, None)
