[debug] > Exec(early(addDefaultCommands), None, None)
[debug] > Exec(addDefaultCommands, None, None)
[debug] > Exec(early(initialize), None, None)
[debug] > Exec(initialize, None, None)
[debug] > Exec(early(addPluginSbtFile="""C:\Users\User\AppData\Local\Temp\idea9.sbt"""), None, None)
[debug] > Exec(addPluginSbtFile="""C:\Users\User\AppData\Local\Temp\idea9.sbt""", None, None)
[debug] > Exec(boot, None, None)
[debug] > Exec(writeSbtVersion, None, None)
[debug] > Exec(reload, None, None)
[debug] > Exec(sbtStashOnFailure, None, None)
[debug] > Exec(onFailure loadFailed, None, None)
[debug] > Exec(loadp, None, None)
[info] welcome to sbt 1.10.1 (Oracle Corporation Java 1.8.0_401)
[debug] Load.defaultLoad until apply took 124.806ms
[debug]           Load.loadUnit: plugins took 128.438ms
[debug]           Load.loadUnit: defsScala took 0.478501ms
[debug] [Loading] Scanning directory C:\Users\User\IdeaProjects\LibrarySystemManagement\project
[debug]             Load.loadUnit: mkEval took 8.5001ms
[debug] [Loading] Found non-root projects 
[debug] [Loading] Done in C:\Users\User\IdeaProjects\LibrarySystemManagement\project, returning: ()
[debug] deducing auto plugins based on known facts Set(Atom(sbt.plugins.CorePlugin)) and clauses Clauses(Clause(Atom(sbt.plugins.JvmPlugin),Set(Atom(sbt.plugins.IvyPlugin)))
[debug] Clause(Atom(sbt.ScriptedPlugin),Set(Atom(sbt.plugins.JvmPlugin)))
[debug] Clause(Atom(sbt.plugins.SbtPlugin),Set(Atom(sbt.ScriptedPlugin)))
[debug] Clause(Atom(sbt.plugins.SemanticdbPlugin),Set(Atom(sbt.plugins.JvmPlugin)))
[debug] Clause(Atom(sbt.plugins.JUnitXmlReportPlugin),Set(Atom(sbt.plugins.JvmPlugin)))
[debug] Clause(Atom(sbt.plugins.MiniDependencyTreePlugin),Set(Atom(sbt.plugins.JvmPlugin)))
[debug] Clause(Atom(sbt.plugins.CorePlugin),Set(Atom(sbt.plugins.IvyPlugin)))
[debug] Clause(Atom(sbt.plugins.IvyPlugin),Set(Atom(sbt.plugins.JvmPlugin)))
[debug] Clause(Atom(sbt.plugins.JvmPlugin),Set(Atom(sbt.plugins.SemanticdbPlugin)))
[debug] Clause(Atom(sbt.plugins.JvmPlugin),Set(Atom(sbt.plugins.JUnitXmlReportPlugin)))
[debug] Clause(Atom(sbt.plugins.CorePlugin),Set(Atom(sbt.plugins.Giter8TemplatePlugin)))
[debug] Clause(Atom(sbt.plugins.JvmPlugin),Set(Atom(sbt.plugins.MiniDependencyTreePlugin))))
[debug]   :: deduced result: Matched(sbt.plugins.CorePlugin,sbt.plugins.Giter8TemplatePlugin,sbt.plugins.IvyPlugin,sbt.plugins.JvmPlugin,sbt.plugins.MiniDependencyTreePlugin,sbt.plugins.JUnitXmlReportPlugin,sbt.plugins.SemanticdbPlugin)
[debug] Plugins.deducer#function took 19.8956 ms
[info] loading settings for project librarysystemmanagement-build from idea9.sbt ...
[debug]               Load.resolveProject(librarysystemmanagement-build) took 57.9847ms
[debug]             Load.loadTransitive: finalizeProject(Project(id librarysystemmanagement-build, base: C:\Users\User\IdeaProjects\LibrarySystemManagement\project, plugins: List(<none>))) took 106.1999ms
[debug] [Loading] Done in C:\Users\User\IdeaProjects\LibrarySystemManagement\project, returning: (librarysystemmanagement-build)
[debug]           Load.loadUnit: loadedProjectsRaw took 531.089199ms
[debug]           Load.loadUnit: cleanEvalClasses took 9.513199ms
[debug]         Load.loadUnit(file:/C:/Users/User/IdeaProjects/LibrarySystemManagement/project/, ...) took 677.017ms
[debug]       Load.apply: load took 806.060701ms
[debug]       Load.apply: resolveProjects took 5.277801ms
[debug]       Load.apply: finalTransforms took 57.0727ms
[debug]       Load.apply: config.delegates took 7.3663ms
[debug]       Load.apply: Def.make(settings)... took 376.8922ms
[debug]       Load.apply: structureIndex took 106.6335ms
[debug]       Load.apply: mkStreams took 1.5116ms
[info] loading project definition from C:\Users\User\IdeaProjects\LibrarySystemManagement\project
[debug] Running task... Cancel: Signal, check cycles: false, forcegc: true
[debug]     Load.loadUnit: plugins took 2369.453199ms
[debug]     Load.loadUnit: defsScala took 0.0052ms
[debug] [Loading] Scanning directory C:\Users\User\IdeaProjects\LibrarySystemManagement
[debug]       Load.loadUnit: mkEval took 0.7672ms
[debug] [Loading] Found root project root w/ remaining 
[debug] deducing auto plugins based on known facts Set(Atom(sbt.plugins.CorePlugin)) and clauses Clauses(Clause(Atom(sbt.plugins.JvmPlugin),Set(Atom(sbt.plugins.IvyPlugin)))
[debug] Clause(Atom(sbt.ScriptedPlugin),Set(Atom(sbt.plugins.JvmPlugin)))
[debug] Clause(Atom(sbt.plugins.SbtPlugin),Set(Atom(sbt.ScriptedPlugin)))
[debug] Clause(Atom(sbt.plugins.SemanticdbPlugin),Set(Atom(sbt.plugins.JvmPlugin)))
[debug] Clause(Atom(sbt.plugins.JUnitXmlReportPlugin),Set(Atom(sbt.plugins.JvmPlugin)))
[debug] Clause(Atom(sbt.plugins.MiniDependencyTreePlugin),Set(Atom(sbt.plugins.JvmPlugin)))
[debug] Clause(Atom(org.jetbrains.sbt.StructurePlugin),Set(Atom(sbt.plugins.JvmPlugin)))
[debug] Clause(Atom(org.jetbrains.sbt.IdeaShellPlugin),Set(Atom(sbt.plugins.JvmPlugin)))
[debug] Clause(Atom(org.jetbrains.sbt.indices.SbtIntellijIndicesPlugin),Set(Atom(sbt.plugins.JvmPlugin)))
[debug] Clause(Atom(sbt.plugins.CorePlugin),Set(Atom(sbt.plugins.IvyPlugin)))
[debug] Clause(Atom(sbt.plugins.IvyPlugin),Set(Atom(sbt.plugins.JvmPlugin)))
[debug] Clause(Atom(sbt.plugins.JvmPlugin),Set(Atom(sbt.plugins.SemanticdbPlugin)))
[debug] Clause(Atom(sbt.plugins.JvmPlugin),Set(Atom(sbt.plugins.JUnitXmlReportPlugin)))
[debug] Clause(Atom(sbt.plugins.CorePlugin),Set(Atom(sbt.plugins.Giter8TemplatePlugin)))
[debug] Clause(Atom(sbt.plugins.JvmPlugin),Set(Atom(sbt.plugins.MiniDependencyTreePlugin)))
[debug] Clause(Atom(sbt.plugins.JvmPlugin),Set(Atom(org.jetbrains.sbt.StructurePlugin)))
[debug] Clause(Atom(sbt.plugins.JvmPlugin),Set(Atom(org.jetbrains.sbt.IdeaShellPlugin)))
[debug] Clause(And(Set(Atom(sbt.plugins.CorePlugin), Atom(sbt.plugins.JvmPlugin))),Set(Atom(org.jetbrains.sbt.indices.SbtIntellijIndicesPlugin))))
[debug]   :: deduced result: Matched(sbt.plugins.CorePlugin,sbt.plugins.Giter8TemplatePlugin,sbt.plugins.IvyPlugin,sbt.plugins.JvmPlugin,sbt.plugins.SemanticdbPlugin,org.jetbrains.sbt.indices.SbtIntellijIndicesPlugin,sbt.plugins.JUnitXmlReportPlugin,org.jetbrains.sbt.IdeaShellPlugin,org.jetbrains.sbt.StructurePlugin,sbt.plugins.MiniDependencyTreePlugin)
[debug] Plugins.deducer#function took 3.7756 ms
[info] loading settings for project root from build.sbt ...
[debug]         Load.resolveProject(root) took 26.199901ms
[debug]       Load.loadTransitive: finalizeProject(Project(id root, base: C:\Users\User\IdeaProjects\LibrarySystemManagement, plugins: List(<none>))) took 35.076799ms
[debug] [Loading] Done in C:\Users\User\IdeaProjects\LibrarySystemManagement, returning: (root)
[debug]     Load.loadUnit: loadedProjectsRaw took 153.707ms
[debug]     Load.loadUnit: cleanEvalClasses took 5.938801ms
[debug]   Load.loadUnit(file:/C:/Users/User/IdeaProjects/LibrarySystemManagement/, ...) took 2530.520499ms
[debug] Load.apply: load took 2552.3484ms
[debug] Load.apply: resolveProjects took 0.1532ms
[debug] Load.apply: finalTransforms took 25.713199ms
[debug] Load.apply: config.delegates took 0.352399ms
[debug] Load.apply: Def.make(settings)... took 89.617501ms
[debug] Load.apply: structureIndex took 29.773801ms
[debug] Load.apply: mkStreams took 0.003401ms
[info] set current project to LibrarySystemManagement (in build file:/C:/Users/User/IdeaProjects/LibrarySystemManagement/)
[debug] > Exec(sbtPopOnFailure, None, None)
[debug] > Exec(resumeFromFailure, None, None)
[debug] > Exec(notifyUsersAboutShell, None, None)
[debug] > Exec(iflast shell, None, None)
[debug] > Exec(; set ideaPort in Global := 60991 ; idea-shell, None, None)
[debug] > Exec(set ideaPort in Global := 60991, None, None)
[info] Defining Global / ideaPort
[info] The new value will be used by Compile / compile, Test / compile
[debug] Defining 
[debug] 	Global / ideaPort
[debug] 
[debug] The new value will be used by 
[debug] 	Compile / compile
[debug] 	Test / compile
[info] Reapplying settings...
[info] set current project to LibrarySystemManagement (in build file:/C:/Users/User/IdeaProjects/LibrarySystemManagement/)
[debug] > Exec(idea-shell, None, None)
